Program Version,EnergyPlus, Version 9.5.0-de239b2e5f, YMD=2021.12.08 16:42,
   ** Warning ** ProcessScheduleInput: Schedule:Compact="LAPMAC" has missing day types in Through=12/31
   **   ~~~   ** Last "For" field=FOR WEEKENDS
   **   ~~~   ** Missing day types="Holiday","SummerDesignDay","WinterDesignDay","CustomDay1","CustomDay2"
   **   ~~~   ** Missing day types will have 0.0 as Schedule Values
   ** Warning ** ProcessScheduleInput: Schedule:Compact="HPLASER" has missing day types in Through=12/31
   **   ~~~   ** Last "For" field=FOR: WEEKENDS
   **   ~~~   ** Missing day types="Holiday","SummerDesignDay","WinterDesignDay","CustomDay1","CustomDay2"
   **   ~~~   ** Missing day types will have 0.0 as Schedule Values
   ** Warning ** ProcessScheduleInput: Schedule:Compact="DELL" has missing day types in Through=12/31
   **   ~~~   ** Last "For" field=FOR: WEEKENDS
   **   ~~~   ** Missing day types="Holiday","SummerDesignDay","WinterDesignDay","CustomDay1","CustomDay2"
   **   ~~~   ** Missing day types will have 0.0 as Schedule Values
   ** Warning ** ProcessScheduleInput: Schedule:Compact="CPUG" has missing day types in Through=12/31
   **   ~~~   ** Last "For" field=FOR WEEKENDS
   **   ~~~   ** Missing day types="Holiday","SummerDesignDay","WinterDesignDay","CustomDay1","CustomDay2"
   **   ~~~   ** Missing day types will have 0.0 as Schedule Values
   ** Warning ** ProcessScheduleInput: Schedule:Compact="AGILENT" has missing day types in Through=12:31
   **   ~~~   ** Last "For" field=FOR: WEEKDAYS
   **   ~~~   ** Missing day types="Sunday","Saturday","Holiday","SummerDesignDay","WinterDesignDay","CustomDay1","CustomDay2"
   **   ~~~   ** Missing day types will have 0.0 as Schedule Values
   ************* Testing Individual Branch Integrity
   ************* All Branches passed integrity testing
   ************* Testing Individual Supply Air Path Integrity
   ************* All Supply Air Paths passed integrity testing
   ************* Testing Individual Return Air Path Integrity
   ************* All Return Air Paths passed integrity testing
   ************* No node connection errors were found.
   ************* Beginning Simulation
   ************* Simulation Error Summary *************
   ************* EnergyPlus Warmup Error Summary. During Warmup: 0 Warning; 0 Severe Errors.
   ************* EnergyPlus Sizing Error Summary. During Sizing: 0 Warning; 0 Severe Errors.
   ************* EnergyPlus Completed Successfully-- 5 Warning; 0 Severe Errors; Elapsed Time=00hr 00min 13.47sec
